<?xml version="1.0" encoding="UTF-8"?>
<!-- Generated by org.testng.reporters.JUnitReportReporter -->
<testsuite hostname="DESKTOP-KLM8BVD" name="com.tests.CalTest" tests="3" failures="0" timestamp="18 Feb 2021 15:43:25 GMT" time="6.632" errors="0">
  <testcase name="subTest" time="2.081" classname="com.tests.CalTest"/>
  <testcase name="divTest" time="2.068" classname="com.tests.CalTest"/>
  <testcase name="sumTest" time="2.483" classname="com.tests.CalTest"/>
</testsuite> <!-- com.tests.CalTest -->
